<?xml version="1.0" encoding="UTF-8"?>
<!-- Generated by org.testng.reporters.JUnitReportReporter -->
<testsuite hostname="DESKTOP-CVFG4A0" failures="0" tests="3" name="testSuite.Meradla" time="17.479" errors="0" timestamp="2022-12-05T09:23:14 IST" skipped="2">
  <testcase classname="testSuite.Meradla" name="login" time="17.479"/>
  <system-out/>
  <testcase classname="testSuite.Meradla" name="registration">
    <skipped/>
  </testcase> <!-- registration -->
  <system-out/>
  <testcase classname="testSuite.Meradla" name="logout">
    <skipped/>
  </testcase> <!-- logout -->
  <system-out/>
</testsuite> <!-- testSuite.Meradla -->
